<?xml version="1.0" encoding="UTF-8"?>
<!-- Generated by org.testng.reporters.JUnitReportReporter -->
<testsuite skipped="0" hostname="CUTEANGEL" name="com.Demo.Genkin1" tests="1" failures="0" timestamp="30 Oct 2019 10:16:00 GMT" time="0.021" errors="0">
  <testcase name="Test1" time="0.021" classname="com.Demo.Genkin1"/>
</testsuite> <!-- com.Demo.Genkin1 -->
